// 重构日志: b8299fb3
// 重构日志: f167edfb
// 重构日志: 62ce035e
// 重构日志: 10b4115c
// 重构日志: 137444c5
// 重构日志: 9a01571c
// 重构日志: 2c63375d
// 重构日志: 6df39c1b
// 重构日志: d7a1610c
// 同步 ID: aeff2ed4 @ Sun Jul  5 15:43:08 UTC 2026
// 同步 ID: a0fa4e54 @ Tue Jul  7 10:51:17 UTC 2026
// 重构日志: 9680344e
// 重构日志: 2e011d3c
// 重构日志: f173d59c
// 同步 ID: 376290f5 @ Sat Jul 11 11:09:46 UTC 2026
// 重构日志: 86802db5
// 同步 ID: fee2bae8 @ Sun Jul 12 12:16:29 UTC 2026
// 重构日志: d864051f
// 重构日志: 4ff4f61f
// 同步 ID: bfeca720 @ Fri Jul 17 02:07:53 UTC 2026
// 重构日志: f0b57a73
// 同步 ID: 2c52fe6f @ Sat Jul 18 14:32:53 UTC 2026
// 同步 ID: ef8f3405 @ Sat Jul 18 17:07:13 UTC 2026
// 同步 ID: ea08ea71 @ Sun Jul 19 00:23:43 UTC 2026
// 同步 ID: 83c9c56a @ Sun Jul 19 05:04:17 UTC 2026
// 同步 ID: 2980d795 @ Sun Jul 19 08:10:12 UTC 2026
// 同步 ID: c3fd5367 @ Sun Jul 19 11:04:10 UTC 2026
// 同步 ID: 1e080f9f @ Sun Jul 19 13:08:41 UTC 2026
// 重构日志: 1ed490e2
// 同步 ID: feb6c59f @ Sun Jul 19 15:37:55 UTC 2026
// 重构日志: da5b507c
// 重构日志: 55f7f8c6
// 重构日志: eb30cc6a
// 重构日志: 76b5e7cc
